<?xml version="1.0" encoding="UTF-8"?>
<testsuite name="ProvarDemo/tests" tests="1" failures="0" skipped="0" hostname="CPX-RN92EDPMEQ0" time="61.312" timestamp="Thu Sep 12 09:24:21 BST 2019">
	<properties>
		<property name="excludeCallableTestCases" value="true"/>
		<property name="testEnvironment" value=""/>
		<property name="pluginOutputLevel" value="WARNING"/>
		<property name="projectPath" value=".."/>
		<property name="salesforceMetadataCache" value="Reuse"/>
		<property name="resultsPathDisposition" value="Replace"/>
		<property name="testOutputLevel" value="WARNING"/>
		<property name="webBrowserType" value="Google Chrome"/>
		<property name="resultsPath" value="../ANT/Results"/>
		<property name="webBrowserConfiguration" value="Full Screen"/>
		<property name="projectCachePath" value="C:\Users\francis.l.m.reyes\Documents\Git\ProvarDemo\ProvarDemo\ANT\..\..\.provarCaches"/>
	</properties>
	<testcase classname="tests/Test Case 1.testcase" name="Test Case 1.testcase" time="56.408">
	</testcase>
</testsuite>
